[debug] [2024-02-12T16:40:27.512Z] ----------------------------------------------------------------------
[debug] [2024-02-12T16:40:27.514Z] Command:       /usr/local/bin/firebase /Users/dsg38/.cache/firebase/tools/lib/node_modules/firebase-tools/lib/bin/firebase init hosting
[debug] [2024-02-12T16:40:27.514Z] CLI Version:   13.2.1
[debug] [2024-02-12T16:40:27.515Z] Platform:      darwin
[debug] [2024-02-12T16:40:27.515Z] Node Version:  v18.5.0
[debug] [2024-02-12T16:40:27.516Z] Time:          Mon Feb 12 2024 16:40:27 GMT+0000 (Greenwich Mean Time)
[debug] [2024-02-12T16:40:27.516Z] ----------------------------------------------------------------------
[debug] 
[debug] [2024-02-12T16:40:27.520Z] >>> [apiv2][query] GET https://firebase-public.firebaseio.com/cli.json [none]
[debug] [2024-02-12T16:40:27.560Z] > command requires scopes: ["email","openid","https://www.googleapis.com/auth/cloudplatformprojects.readonly","https://www.googleapis.com/auth/firebase","https://www.googleapis.com/auth/cloud-platform"]
[debug] [2024-02-12T16:40:27.562Z] > authorizing via signed-in user (dgodding7@gmail.com)
[info] 
     ######## #### ########  ######## ########     ###     ######  ########
     ##        ##  ##     ## ##       ##     ##  ##   ##  ##       ##
     ######    ##  ########  ######   ########  #########  ######  ######
     ##        ##  ##    ##  ##       ##     ## ##     ##       ## ##
     ##       #### ##     ## ######## ########  ##     ##  ######  ########

You're about to initialize a Firebase project in this directory:

  /Users/dsg38/Documents/invert_ventures/invert-ventures

[info] 
=== Project Setup
[info] 
[info] First, let's associate this project directory with a Firebase project.
[info] You can create multiple project aliases by running firebase use --add, 
[info] but for now we'll just set up a default project.
[info] 
[debug] [2024-02-12T16:40:27.843Z] <<< [apiv2][status] GET https://firebase-public.firebaseio.com/cli.json 200
[debug] [2024-02-12T16:40:27.847Z] <<< [apiv2][body] GET https://firebase-public.firebaseio.com/cli.json {"cloudBuildErrorAfter":1594252800000,"cloudBuildWarnAfter":1590019200000,"defaultNode10After":1594252800000,"minVersion":"3.0.5","node8DeploysDisabledAfter":1613390400000,"node8RuntimeDisabledAfter":1615809600000,"node8WarnAfter":1600128000000}
[debug] [2024-02-12T16:40:30.281Z] > refreshing access token with scopes: []
[debug] [2024-02-12T16:40:30.283Z] >>> [apiv2][query] POST https://www.googleapis.com/oauth2/v3/token [none]
[debug] [2024-02-12T16:40:30.283Z] >>> [apiv2][body] POST https://www.googleapis.com/oauth2/v3/token [omitted]
[debug] [2024-02-12T16:40:30.405Z] <<< [apiv2][status] POST https://www.googleapis.com/oauth2/v3/token 200
[debug] [2024-02-12T16:40:30.406Z] <<< [apiv2][body] POST https://www.googleapis.com/oauth2/v3/token [omitted]
[debug] [2024-02-12T16:40:30.433Z] >>> [apiv2][query] GET https://firebase.googleapis.com/v1beta1/projects pageSize=100
[debug] [2024-02-12T16:40:30.841Z] <<< [apiv2][status] GET https://firebase.googleapis.com/v1beta1/projects 200
[debug] [2024-02-12T16:40:30.842Z] <<< [apiv2][body] GET https://firebase.googleapis.com/v1beta1/projects [omitted]
[info] i  Using project invert-ventures (Invert Ventures) 
[info] 
=== Hosting Setup
[debug] [2024-02-12T16:40:32.396Z] >>> [apiv2][query] GET https://firebase.googleapis.com/v1beta1/projects/invert-ventures [none]
[debug] [2024-02-12T16:40:32.601Z] <<< [apiv2][status] GET https://firebase.googleapis.com/v1beta1/projects/invert-ventures 200
[debug] [2024-02-12T16:40:32.601Z] <<< [apiv2][body] GET https://firebase.googleapis.com/v1beta1/projects/invert-ventures {"projectId":"invert-ventures","projectNumber":"14241289489","displayName":"Invert Ventures","name":"projects/invert-ventures","resources":{"hostingSite":"invert-ventures"},"state":"ACTIVE","etag":"1_d7a07d01-708a-4c5c-b01d-9e9c830bc4b5"}
[info] 
[info] Your public directory is the folder (relative to your project directory) that
[info] will contain Hosting assets to be uploaded with firebase deploy. If you
[info] have a build process for your assets, use your build's output directory.
[info] 
